<?xml version="1.0" encoding="UTF-8"?>
<testsuite xmlns:xsi="http://www.w3.org/2001/XMLSchema-instance" xsi:noNamespaceSchemaLocation="https://maven.apache.org/surefire/maven-surefire-plugin/xsd/surefire-test-report.xsd" name="ru.yandex.praktikum.tests.OrderCreateTests" time="6.002" tests="4" errors="0" skipped="0" failures="0">
  <properties>
[...]
</properties>
  <testcase name="testAnonymousOrderCreation" classname="ru.yandex.praktikum.tests.OrderCreateTests" time="0.612"/>
  <testcase name="testOrderCreationWithoutIngredients" classname="ru.yandex.praktikum.tests.OrderCreateTests" time="0.518"/>
  <testcase name="testOrderCreationWithInvalidIngredientHashes" classname="ru.yandex.praktikum.tests.OrderCreateTests" time="0.723"/>
  <testcase name="testSuccessfulOrderCreationWithAuth" classname="ru.yandex.praktikum.tests.OrderCreateTests" time="4.106"/>
</testsuite>